<?xml version="1.0" encoding="UTF-8"?>
<!-- Generated by org.testng.reporters.JUnitReportReporter -->
<testsuite name="com.iddataweb.axn.automation.ge.testCoverage_Trulioo_Singapore_c03" tests="11" time="147.795" ignored="0" failures="0" timestamp="03 Aug 2017 18:58:59 GMT" skipped="0" hostname="IDW-DALILA" errors="0">
  <testcase name="testCoverageTruliooHKc03" time="13.321" classname="com.iddataweb.axn.automation.ge.testCoverage_Trulioo_Singapore_c03"/>
  <testcase name="testCoverageTruliooHKc03" time="11.637" classname="com.iddataweb.axn.automation.ge.testCoverage_Trulioo_Singapore_c03"/>
  <testcase name="testCoverageTruliooHKc03" time="12.412" classname="com.iddataweb.axn.automation.ge.testCoverage_Trulioo_Singapore_c03"/>
  <testcase name="testCoverageTruliooHKc03" time="15.729" classname="com.iddataweb.axn.automation.ge.testCoverage_Trulioo_Singapore_c03"/>
  <testcase name="testCoverageTruliooHKc03" time="19.051" classname="com.iddataweb.axn.automation.ge.testCoverage_Trulioo_Singapore_c03"/>
  <testcase name="testCoverageTruliooHKc03" time="11.190" classname="com.iddataweb.axn.automation.ge.testCoverage_Trulioo_Singapore_c03"/>
  <testcase name="testCoverageTruliooHKc03" time="10.975" classname="com.iddataweb.axn.automation.ge.testCoverage_Trulioo_Singapore_c03"/>
  <testcase name="testCoverageTruliooHKc03" time="11.924" classname="com.iddataweb.axn.automation.ge.testCoverage_Trulioo_Singapore_c03"/>
  <testcase name="testCoverageTruliooHKc03" time="11.287" classname="com.iddataweb.axn.automation.ge.testCoverage_Trulioo_Singapore_c03"/>
  <testcase name="testCoverageTruliooHKc03" time="11.027" classname="com.iddataweb.axn.automation.ge.testCoverage_Trulioo_Singapore_c03"/>
  <testcase name="testCoverageTruliooHKc03" time="19.242" classname="com.iddataweb.axn.automation.ge.testCoverage_Trulioo_Singapore_c03"/>
</testsuite> <!-- com.iddataweb.axn.automation.ge.testCoverage_Trulioo_Singapore_c03 -->
