<?xml version="1.0" encoding="UTF-8"?>
<!-- Generated by org.testng.reporters.JUnitReportReporter -->
<testsuite name="com.iddataweb.axn.automation.ge.testCoverage_Trulioo_HK_c03" tests="2" time="28.069" ignored="0" failures="0" timestamp="03 Aug 2017 17:43:38 GMT" skipped="0" hostname="IDW-DALILA" errors="0">
  <testcase name="testCoverageTruliooHKc03" time="15.544" classname="com.iddataweb.axn.automation.ge.testCoverage_Trulioo_HK_c03"/>
  <testcase name="testCoverageTruliooHKc03" time="12.525" classname="com.iddataweb.axn.automation.ge.testCoverage_Trulioo_HK_c03"/>
</testsuite> <!-- com.iddataweb.axn.automation.ge.testCoverage_Trulioo_HK_c03 -->
