<?xml version="1.0" encoding="UTF-8"?>
<!-- Generated by org.testng.reporters.JUnitReportReporter -->
<testsuite name="com.iddataweb.axn.automation.ge.testCoverage_Trulioo_c03" tests="103" time="1445.639" ignored="0" failures="0" timestamp="03 Aug 2017 20:02:10 GMT" skipped="0" hostname="IDW-DALILA" errors="0">
  <testcase name="testCoverageTruliooc03" time="12.912" classname="com.iddataweb.axn.automation.ge.testCoverage_Trulioo_c03"/>
  <testcase name="testCoverageTruliooc03" time="15.783" classname="com.iddataweb.axn.automation.ge.testCoverage_Trulioo_c03"/>
  <testcase name="testCoverageTruliooc03" time="12.968" classname="com.iddataweb.axn.automation.ge.testCoverage_Trulioo_c03"/>
  <testcase name="testCoverageTruliooc03" time="18.605" classname="com.iddataweb.axn.automation.ge.testCoverage_Trulioo_c03"/>
  <testcase name="testCoverageTruliooc03" time="19.112" classname="com.iddataweb.axn.automation.ge.testCoverage_Trulioo_c03"/>
  <testcase name="testCoverageTruliooc03" time="11.781" classname="com.iddataweb.axn.automation.ge.testCoverage_Trulioo_c03"/>
  <testcase name="testCoverageTruliooc03" time="11.406" classname="com.iddataweb.axn.automation.ge.testCoverage_Trulioo_c03"/>
  <testcase name="testCoverageTruliooc03" time="11.932" classname="com.iddataweb.axn.automation.ge.testCoverage_Trulioo_c03"/>
  <testcase name="testCoverageTruliooc03" time="18.630" classname="com.iddataweb.axn.automation.ge.testCoverage_Trulioo_c03"/>
  <testcase name="testCoverageTruliooc03" time="12.414" classname="com.iddataweb.axn.automation.ge.testCoverage_Trulioo_c03"/>
  <testcase name="testCoverageTruliooc03" time="11.540" classname="com.iddataweb.axn.automation.ge.testCoverage_Trulioo_c03"/>
  <testcase name="testCoverageTruliooc03" time="12.794" classname="com.iddataweb.axn.automation.ge.testCoverage_Trulioo_c03"/>
  <testcase name="testCoverageTruliooc03" time="18.123" classname="com.iddataweb.axn.automation.ge.testCoverage_Trulioo_c03"/>
  <testcase name="testCoverageTruliooc03" time="12.019" classname="com.iddataweb.axn.automation.ge.testCoverage_Trulioo_c03"/>
  <testcase name="testCoverageTruliooc03" time="12.429" classname="com.iddataweb.axn.automation.ge.testCoverage_Trulioo_c03"/>
  <testcase name="testCoverageTruliooc03" time="15.026" classname="com.iddataweb.axn.automation.ge.testCoverage_Trulioo_c03"/>
  <testcase name="testCoverageTruliooc03" time="12.545" classname="com.iddataweb.axn.automation.ge.testCoverage_Trulioo_c03"/>
  <testcase name="testCoverageTruliooc03" time="16.617" classname="com.iddataweb.axn.automation.ge.testCoverage_Trulioo_c03"/>
  <testcase name="testCoverageTruliooc03" time="13.712" classname="com.iddataweb.axn.automation.ge.testCoverage_Trulioo_c03"/>
  <testcase name="testCoverageTruliooc03" time="12.119" classname="com.iddataweb.axn.automation.ge.testCoverage_Trulioo_c03"/>
  <testcase name="testCoverageTruliooc03" time="15.849" classname="com.iddataweb.axn.automation.ge.testCoverage_Trulioo_c03"/>
  <testcase name="testCoverageTruliooc03" time="11.637" classname="com.iddataweb.axn.automation.ge.testCoverage_Trulioo_c03"/>
  <testcase name="testCoverageTruliooc03" time="15.693" classname="com.iddataweb.axn.automation.ge.testCoverage_Trulioo_c03"/>
  <testcase name="testCoverageTruliooc03" time="18.733" classname="com.iddataweb.axn.automation.ge.testCoverage_Trulioo_c03"/>
  <testcase name="testCoverageTruliooc03" time="12.015" classname="com.iddataweb.axn.automation.ge.testCoverage_Trulioo_c03"/>
  <testcase name="testCoverageTruliooc03" time="18.259" classname="com.iddataweb.axn.automation.ge.testCoverage_Trulioo_c03"/>
  <testcase name="testCoverageTruliooc03" time="15.187" classname="com.iddataweb.axn.automation.ge.testCoverage_Trulioo_c03"/>
  <testcase name="testCoverageTruliooc03" time="11.489" classname="com.iddataweb.axn.automation.ge.testCoverage_Trulioo_c03"/>
  <testcase name="testCoverageTruliooc03" time="17.110" classname="com.iddataweb.axn.automation.ge.testCoverage_Trulioo_c03"/>
  <testcase name="testCoverageTruliooc03" time="13.583" classname="com.iddataweb.axn.automation.ge.testCoverage_Trulioo_c03"/>
  <testcase name="testCoverageTruliooc03" time="12.231" classname="com.iddataweb.axn.automation.ge.testCoverage_Trulioo_c03"/>
  <testcase name="testCoverageTruliooc03" time="12.403" classname="com.iddataweb.axn.automation.ge.testCoverage_Trulioo_c03"/>
  <testcase name="testCoverageTruliooc03" time="11.400" classname="com.iddataweb.axn.automation.ge.testCoverage_Trulioo_c03"/>
  <testcase name="testCoverageTruliooc03" time="11.765" classname="com.iddataweb.axn.automation.ge.testCoverage_Trulioo_c03"/>
  <testcase name="testCoverageTruliooc03" time="17.857" classname="com.iddataweb.axn.automation.ge.testCoverage_Trulioo_c03"/>
  <testcase name="testCoverageTruliooc03" time="12.141" classname="com.iddataweb.axn.automation.ge.testCoverage_Trulioo_c03"/>
  <testcase name="testCoverageTruliooc03" time="11.762" classname="com.iddataweb.axn.automation.ge.testCoverage_Trulioo_c03"/>
  <testcase name="testCoverageTruliooc03" time="16.131" classname="com.iddataweb.axn.automation.ge.testCoverage_Trulioo_c03"/>
  <testcase name="testCoverageTruliooc03" time="13.307" classname="com.iddataweb.axn.automation.ge.testCoverage_Trulioo_c03"/>
  <testcase name="testCoverageTruliooc03" time="12.032" classname="com.iddataweb.axn.automation.ge.testCoverage_Trulioo_c03"/>
  <testcase name="testCoverageTruliooc03" time="11.980" classname="com.iddataweb.axn.automation.ge.testCoverage_Trulioo_c03"/>
  <testcase name="testCoverageTruliooc03" time="18.452" classname="com.iddataweb.axn.automation.ge.testCoverage_Trulioo_c03"/>
  <testcase name="testCoverageTruliooc03" time="12.123" classname="com.iddataweb.axn.automation.ge.testCoverage_Trulioo_c03"/>
  <testcase name="testCoverageTruliooc03" time="11.638" classname="com.iddataweb.axn.automation.ge.testCoverage_Trulioo_c03"/>
  <testcase name="testCoverageTruliooc03" time="15.660" classname="com.iddataweb.axn.automation.ge.testCoverage_Trulioo_c03"/>
  <testcase name="testCoverageTruliooc03" time="12.470" classname="com.iddataweb.axn.automation.ge.testCoverage_Trulioo_c03"/>
  <testcase name="testCoverageTruliooc03" time="16.125" classname="com.iddataweb.axn.automation.ge.testCoverage_Trulioo_c03"/>
  <testcase name="testCoverageTruliooc03" time="12.169" classname="com.iddataweb.axn.automation.ge.testCoverage_Trulioo_c03"/>
  <testcase name="testCoverageTruliooc03" time="12.539" classname="com.iddataweb.axn.automation.ge.testCoverage_Trulioo_c03"/>
  <testcase name="testCoverageTruliooc03" time="15.169" classname="com.iddataweb.axn.automation.ge.testCoverage_Trulioo_c03"/>
  <testcase name="testCoverageTruliooc03" time="11.966" classname="com.iddataweb.axn.automation.ge.testCoverage_Trulioo_c03"/>
  <testcase name="testCoverageTruliooc03" time="12.006" classname="com.iddataweb.axn.automation.ge.testCoverage_Trulioo_c03"/>
  <testcase name="testCoverageTruliooc03" time="19.049" classname="com.iddataweb.axn.automation.ge.testCoverage_Trulioo_c03"/>
  <testcase name="testCoverageTruliooc03" time="11.754" classname="com.iddataweb.axn.automation.ge.testCoverage_Trulioo_c03"/>
  <testcase name="testCoverageTruliooc03" time="14.691" classname="com.iddataweb.axn.automation.ge.testCoverage_Trulioo_c03"/>
  <testcase name="testCoverageTruliooc03" time="13.088" classname="com.iddataweb.axn.automation.ge.testCoverage_Trulioo_c03"/>
  <testcase name="testCoverageTruliooc03" time="13.291" classname="com.iddataweb.axn.automation.ge.testCoverage_Trulioo_c03"/>
  <testcase name="testCoverageTruliooc03" time="19.336" classname="com.iddataweb.axn.automation.ge.testCoverage_Trulioo_c03"/>
  <testcase name="testCoverageTruliooc03" time="16.354" classname="com.iddataweb.axn.automation.ge.testCoverage_Trulioo_c03"/>
  <testcase name="testCoverageTruliooc03" time="14.218" classname="com.iddataweb.axn.automation.ge.testCoverage_Trulioo_c03"/>
  <testcase name="testCoverageTruliooc03" time="18.437" classname="com.iddataweb.axn.automation.ge.testCoverage_Trulioo_c03"/>
  <testcase name="testCoverageTruliooc03" time="12.141" classname="com.iddataweb.axn.automation.ge.testCoverage_Trulioo_c03"/>
  <testcase name="testCoverageTruliooc03" time="12.391" classname="com.iddataweb.axn.automation.ge.testCoverage_Trulioo_c03"/>
  <testcase name="testCoverageTruliooc03" time="11.800" classname="com.iddataweb.axn.automation.ge.testCoverage_Trulioo_c03"/>
  <testcase name="testCoverageTruliooc03" time="13.536" classname="com.iddataweb.axn.automation.ge.testCoverage_Trulioo_c03"/>
  <testcase name="testCoverageTruliooc03" time="11.944" classname="com.iddataweb.axn.automation.ge.testCoverage_Trulioo_c03"/>
  <testcase name="testCoverageTruliooc03" time="16.466" classname="com.iddataweb.axn.automation.ge.testCoverage_Trulioo_c03"/>
  <testcase name="testCoverageTruliooc03" time="12.069" classname="com.iddataweb.axn.automation.ge.testCoverage_Trulioo_c03"/>
  <testcase name="testCoverageTruliooc03" time="12.381" classname="com.iddataweb.axn.automation.ge.testCoverage_Trulioo_c03"/>
  <testcase name="testCoverageTruliooc03" time="12.651" classname="com.iddataweb.axn.automation.ge.testCoverage_Trulioo_c03"/>
  <testcase name="testCoverageTruliooc03" time="18.625" classname="com.iddataweb.axn.automation.ge.testCoverage_Trulioo_c03"/>
  <testcase name="testCoverageTruliooc03" time="17.929" classname="com.iddataweb.axn.automation.ge.testCoverage_Trulioo_c03"/>
  <testcase name="testCoverageTruliooc03" time="17.829" classname="com.iddataweb.axn.automation.ge.testCoverage_Trulioo_c03"/>
  <testcase name="testCoverageTruliooc03" time="11.930" classname="com.iddataweb.axn.automation.ge.testCoverage_Trulioo_c03"/>
  <testcase name="testCoverageTruliooc03" time="16.641" classname="com.iddataweb.axn.automation.ge.testCoverage_Trulioo_c03"/>
  <testcase name="testCoverageTruliooc03" time="12.389" classname="com.iddataweb.axn.automation.ge.testCoverage_Trulioo_c03"/>
  <testcase name="testCoverageTruliooc03" time="18.780" classname="com.iddataweb.axn.automation.ge.testCoverage_Trulioo_c03"/>
  <testcase name="testCoverageTruliooc03" time="13.153" classname="com.iddataweb.axn.automation.ge.testCoverage_Trulioo_c03"/>
  <testcase name="testCoverageTruliooc03" time="11.938" classname="com.iddataweb.axn.automation.ge.testCoverage_Trulioo_c03"/>
  <testcase name="testCoverageTruliooc03" time="14.411" classname="com.iddataweb.axn.automation.ge.testCoverage_Trulioo_c03"/>
  <testcase name="testCoverageTruliooc03" time="11.514" classname="com.iddataweb.axn.automation.ge.testCoverage_Trulioo_c03"/>
  <testcase name="testCoverageTruliooc03" time="18.845" classname="com.iddataweb.axn.automation.ge.testCoverage_Trulioo_c03"/>
  <testcase name="testCoverageTruliooc03" time="12.185" classname="com.iddataweb.axn.automation.ge.testCoverage_Trulioo_c03"/>
  <testcase name="testCoverageTruliooc03" time="13.726" classname="com.iddataweb.axn.automation.ge.testCoverage_Trulioo_c03"/>
  <testcase name="testCoverageTruliooc03" time="12.093" classname="com.iddataweb.axn.automation.ge.testCoverage_Trulioo_c03"/>
  <testcase name="testCoverageTruliooc03" time="11.511" classname="com.iddataweb.axn.automation.ge.testCoverage_Trulioo_c03"/>
  <testcase name="testCoverageTruliooc03" time="14.131" classname="com.iddataweb.axn.automation.ge.testCoverage_Trulioo_c03"/>
  <testcase name="testCoverageTruliooc03" time="11.642" classname="com.iddataweb.axn.automation.ge.testCoverage_Trulioo_c03"/>
  <testcase name="testCoverageTruliooc03" time="12.665" classname="com.iddataweb.axn.automation.ge.testCoverage_Trulioo_c03"/>
  <testcase name="testCoverageTruliooc03" time="11.794" classname="com.iddataweb.axn.automation.ge.testCoverage_Trulioo_c03"/>
  <testcase name="testCoverageTruliooc03" time="11.879" classname="com.iddataweb.axn.automation.ge.testCoverage_Trulioo_c03"/>
  <testcase name="testCoverageTruliooc03" time="15.663" classname="com.iddataweb.axn.automation.ge.testCoverage_Trulioo_c03"/>
  <testcase name="testCoverageTruliooc03" time="18.126" classname="com.iddataweb.axn.automation.ge.testCoverage_Trulioo_c03"/>
  <testcase name="testCoverageTruliooc03" time="11.936" classname="com.iddataweb.axn.automation.ge.testCoverage_Trulioo_c03"/>
  <testcase name="testCoverageTruliooc03" time="14.862" classname="com.iddataweb.axn.automation.ge.testCoverage_Trulioo_c03"/>
  <testcase name="testCoverageTruliooc03" time="11.493" classname="com.iddataweb.axn.automation.ge.testCoverage_Trulioo_c03"/>
  <testcase name="testCoverageTruliooc03" time="12.568" classname="com.iddataweb.axn.automation.ge.testCoverage_Trulioo_c03"/>
  <testcase name="testCoverageTruliooc03" time="17.594" classname="com.iddataweb.axn.automation.ge.testCoverage_Trulioo_c03"/>
  <testcase name="testCoverageTruliooc03" time="14.319" classname="com.iddataweb.axn.automation.ge.testCoverage_Trulioo_c03"/>
  <testcase name="testCoverageTruliooc03" time="17.436" classname="com.iddataweb.axn.automation.ge.testCoverage_Trulioo_c03"/>
  <testcase name="testCoverageTruliooc03" time="11.948" classname="com.iddataweb.axn.automation.ge.testCoverage_Trulioo_c03"/>
  <testcase name="testCoverageTruliooc03" time="11.589" classname="com.iddataweb.axn.automation.ge.testCoverage_Trulioo_c03"/>
  <testcase name="testCoverageTruliooc03" time="11.550" classname="com.iddataweb.axn.automation.ge.testCoverage_Trulioo_c03"/>
</testsuite> <!-- com.iddataweb.axn.automation.ge.testCoverage_Trulioo_c03 -->
