<?xml version="1.0" encoding="UTF-8"?>
<!-- Generated by org.testng.reporters.JUnitReportReporter -->
<testsuite name="com.iddataweb.axn.automation.ge.testCoverage_Trulioo_Denmark_c04" tests="12" time="163.964" ignored="0" failures="0" timestamp="03 Aug 2017 19:16:21 GMT" skipped="0" hostname="IDW-DALILA" errors="0">
  <testcase name="testCoverageTruliooDKc03" time="11.789" classname="com.iddataweb.axn.automation.ge.testCoverage_Trulioo_Denmark_c04"/>
  <testcase name="testCoverageTruliooDKc03" time="11.863" classname="com.iddataweb.axn.automation.ge.testCoverage_Trulioo_Denmark_c04"/>
  <testcase name="testCoverageTruliooDKc03" time="12.490" classname="com.iddataweb.axn.automation.ge.testCoverage_Trulioo_Denmark_c04"/>
  <testcase name="testCoverageTruliooDKc03" time="19.174" classname="com.iddataweb.axn.automation.ge.testCoverage_Trulioo_Denmark_c04"/>
  <testcase name="testCoverageTruliooDKc03" time="12.751" classname="com.iddataweb.axn.automation.ge.testCoverage_Trulioo_Denmark_c04"/>
  <testcase name="testCoverageTruliooDKc03" time="13.959" classname="com.iddataweb.axn.automation.ge.testCoverage_Trulioo_Denmark_c04"/>
  <testcase name="testCoverageTruliooDKc03" time="11.476" classname="com.iddataweb.axn.automation.ge.testCoverage_Trulioo_Denmark_c04"/>
  <testcase name="testCoverageTruliooDKc03" time="11.652" classname="com.iddataweb.axn.automation.ge.testCoverage_Trulioo_Denmark_c04"/>
  <testcase name="testCoverageTruliooDKc03" time="18.183" classname="com.iddataweb.axn.automation.ge.testCoverage_Trulioo_Denmark_c04"/>
  <testcase name="testCoverageTruliooDKc03" time="12.117" classname="com.iddataweb.axn.automation.ge.testCoverage_Trulioo_Denmark_c04"/>
  <testcase name="testCoverageTruliooDKc03" time="15.286" classname="com.iddataweb.axn.automation.ge.testCoverage_Trulioo_Denmark_c04"/>
  <testcase name="testCoverageTruliooDKc03" time="13.224" classname="com.iddataweb.axn.automation.ge.testCoverage_Trulioo_Denmark_c04"/>
</testsuite> <!-- com.iddataweb.axn.automation.ge.testCoverage_Trulioo_Denmark_c04 -->
