<?xml version="1.0" encoding="UTF-8"?>
<!-- Generated by org.testng.reporters.JUnitReportReporter -->
<testsuite name="com.iddataweb.axn.automation.ge.tesCoverage_Canada_C06" tests="5" time="70.605" ignored="0" failures="0" timestamp="03 Aug 2017 02:50:46 GMT" skipped="0" hostname="IDW-DALILA" errors="0">
  <testcase name="tesCoverageCanadaC06" time="14.738" classname="com.iddataweb.axn.automation.ge.tesCoverage_Canada_C06"/>
  <testcase name="tesCoverageCanadaC06" time="9.266" classname="com.iddataweb.axn.automation.ge.tesCoverage_Canada_C06"/>
  <testcase name="tesCoverageCanadaC06" time="9.019" classname="com.iddataweb.axn.automation.ge.tesCoverage_Canada_C06"/>
  <testcase name="tesCoverageCanadaC06" time="10.253" classname="com.iddataweb.axn.automation.ge.tesCoverage_Canada_C06"/>
  <testcase name="tesCoverageCanadaC06" time="27.329" classname="com.iddataweb.axn.automation.ge.tesCoverage_Canada_C06"/>
</testsuite> <!-- com.iddataweb.axn.automation.ge.tesCoverage_Canada_C06 -->
