<?xml version="1.0" encoding="UTF-8"?>
<!-- Generated by org.testng.reporters.JUnitReportReporter -->
<testsuite name="com.iddataweb.axn.automation.ge.testCoverage_Trulioo_LB_c4" tests="10" time="136.462" ignored="0" failures="0" timestamp="03 Aug 2017 18:19:14 GMT" skipped="0" hostname="IDW-DALILA" errors="0">
  <testcase name="testCoverageTruliooHKc03" time="11.371" classname="com.iddataweb.axn.automation.ge.testCoverage_Trulioo_LB_c4"/>
  <testcase name="testCoverageTruliooHKc03" time="12.132" classname="com.iddataweb.axn.automation.ge.testCoverage_Trulioo_LB_c4"/>
  <testcase name="testCoverageTruliooHKc03" time="11.730" classname="com.iddataweb.axn.automation.ge.testCoverage_Trulioo_LB_c4"/>
  <testcase name="testCoverageTruliooHKc03" time="12.074" classname="com.iddataweb.axn.automation.ge.testCoverage_Trulioo_LB_c4"/>
  <testcase name="testCoverageTruliooHKc03" time="18.849" classname="com.iddataweb.axn.automation.ge.testCoverage_Trulioo_LB_c4"/>
  <testcase name="testCoverageTruliooHKc03" time="12.373" classname="com.iddataweb.axn.automation.ge.testCoverage_Trulioo_LB_c4"/>
  <testcase name="testCoverageTruliooHKc03" time="11.414" classname="com.iddataweb.axn.automation.ge.testCoverage_Trulioo_LB_c4"/>
  <testcase name="testCoverageTruliooHKc03" time="13.058" classname="com.iddataweb.axn.automation.ge.testCoverage_Trulioo_LB_c4"/>
  <testcase name="testCoverageTruliooHKc03" time="15.085" classname="com.iddataweb.axn.automation.ge.testCoverage_Trulioo_LB_c4"/>
  <testcase name="testCoverageTruliooHKc03" time="18.376" classname="com.iddataweb.axn.automation.ge.testCoverage_Trulioo_LB_c4"/>
</testsuite> <!-- com.iddataweb.axn.automation.ge.testCoverage_Trulioo_LB_c4 -->
